Vivado Simulator 2018.3
Time resolution is 1 ps
Stopped at time : 1005 ns : File "C:/DSP/Projects/MatrixMultiply/MatrixMultiply.srcs/sources_1/new/array_tb.v" Line 52
Stopped at time : 1005 ns : File "C:/DSP/Projects/MatrixMultiply/MatrixMultiply.srcs/sources_1/new/array_tb.v" Line 52
Stopped at time : 1005 ns : File "C:/DSP/Projects/MatrixMultiply/MatrixMultiply.srcs/sources_1/new/array.v" Line 80
Stopped at time : 1005 ns : File "C:/DSP/Projects/MatrixMultiply/MatrixMultiply.srcs/sources_1/new/array.v" Line 95
Stopped at time : 1005 ns : File "C:/DSP/Projects/MatrixMultiply/MatrixMultiply.srcs/sources_1/new/array.v" Line 95
Stopped at time : 1005 ns : File "C:/DSP/Projects/MatrixMultiply/MatrixMultiply.srcs/sources_1/new/array.v" Line 96
Stopped at time : 1005 ns : File "C:/DSP/Projects/MatrixMultiply/MatrixMultiply.srcs/sources_1/new/array.v" Line 96
Stopped at time : 1005 ns : File "C:/DSP/Projects/MatrixMultiply/MatrixMultiply.srcs/sources_1/new/array.v" Line 97
Stopped at time : 1005 ns : File "C:/DSP/Projects/MatrixMultiply/MatrixMultiply.srcs/sources_1/new/array.v" Line 97
Stopped at time : 1005 ns : File "C:/DSP/Projects/MatrixMultiply/MatrixMultiply.srcs/sources_1/new/array.v" Line 98
Stopped at time : 1005 ns : File "C:/DSP/Projects/MatrixMultiply/MatrixMultiply.srcs/sources_1/new/array.v" Line 98
Stopped at time : 1005 ns : File "C:/DSP/Projects/MatrixMultiply/MatrixMultiply.srcs/sources_1/new/array.v" Line 99
Stopped at time : 1005 ns : File "C:/DSP/Projects/MatrixMultiply/MatrixMultiply.srcs/sources_1/new/array.v" Line 31
Stopped at time : 1005 ns : File "C:/DSP/Projects/MatrixMultiply/MatrixMultiply.srcs/sources_1/new/array.v" Line 32
Stopped at time : 1005 ns : File "C:/DSP/Projects/MatrixMultiply/MatrixMultiply.srcs/sources_1/new/array.v" Line 33
Stopped at time : 1005 ns : File "C:/DSP/Projects/MatrixMultiply/MatrixMultiply.srcs/sources_1/new/array.v" Line 34
Stopped at time : 1005 ns : File "C:/DSP/Projects/MatrixMultiply/MatrixMultiply.srcs/sources_1/new/array.v" Line 36
Stopped at time : 1005 ns : File "C:/DSP/Projects/MatrixMultiply/MatrixMultiply.srcs/sources_1/new/array.v" Line 37
Stopped at time : 1005 ns : File "C:/DSP/Projects/MatrixMultiply/MatrixMultiply.srcs/sources_1/new/array.v" Line 39
Stopped at time : 1005 ns : File "C:/DSP/Projects/MatrixMultiply/MatrixMultiply.srcs/sources_1/new/array.v" Line 100
Stopped at time : 1005 ns : File "C:/DSP/Projects/MatrixMultiply/MatrixMultiply.srcs/sources_1/new/array.v" Line 100
Stopped at time : 1005 ns : File "C:/DSP/Projects/MatrixMultiply/MatrixMultiply.srcs/sources_1/new/array.v" Line 101
Stopped at time : 1005 ns : File "C:/DSP/Projects/MatrixMultiply/MatrixMultiply.srcs/sources_1/new/array.v" Line 100
Stopped at time : 1005 ns : File "C:/DSP/Projects/MatrixMultiply/MatrixMultiply.srcs/sources_1/new/array.v" Line 100
Stopped at time : 1005 ns : File "C:/DSP/Projects/MatrixMultiply/MatrixMultiply.srcs/sources_1/new/array.v" Line 101
Stopped at time : 1005 ns : File "C:/DSP/Projects/MatrixMultiply/MatrixMultiply.srcs/sources_1/new/array.v" Line 100
Stopped at time : 1005 ns : File "C:/DSP/Projects/MatrixMultiply/MatrixMultiply.srcs/sources_1/new/array.v" Line 100
Stopped at time : 1005 ns : File "C:/DSP/Projects/MatrixMultiply/MatrixMultiply.srcs/sources_1/new/array.v" Line 101
Stopped at time : 1005 ns : File "C:/DSP/Projects/MatrixMultiply/MatrixMultiply.srcs/sources_1/new/array.v" Line 100
Stopped at time : 1005 ns : File "C:/DSP/Projects/MatrixMultiply/MatrixMultiply.srcs/sources_1/new/array.v" Line 100
Stopped at time : 1005 ns : File "C:/DSP/Projects/MatrixMultiply/MatrixMultiply.srcs/sources_1/new/array.v" Line 101
Stopped at time : 1005 ns : File "C:/DSP/Projects/MatrixMultiply/MatrixMultiply.srcs/sources_1/new/array.v" Line 100
Stopped at time : 1005 ns : File "C:/DSP/Projects/MatrixMultiply/MatrixMultiply.srcs/sources_1/new/array.v" Line 100
Stopped at time : 1005 ns : File "C:/DSP/Projects/MatrixMultiply/MatrixMultiply.srcs/sources_1/new/array.v" Line 101
Stopped at time : 1005 ns : File "C:/DSP/Projects/MatrixMultiply/MatrixMultiply.srcs/sources_1/new/array.v" Line 100
Stopped at time : 1005 ns : File "C:/DSP/Projects/MatrixMultiply/MatrixMultiply.srcs/sources_1/new/array.v" Line 100
Stopped at time : 1005 ns : File "C:/DSP/Projects/MatrixMultiply/MatrixMultiply.srcs/sources_1/new/array.v" Line 101
Stopped at time : 1005 ns : File "C:/DSP/Projects/MatrixMultiply/MatrixMultiply.srcs/sources_1/new/array.v" Line 100
Stopped at time : 0 fs : File "C:/DSP/Projects/MatrixMultiply/MatrixMultiply.srcs/sources_1/new/array.v" Line 50
Stopped at time : 0 fs : File "C:/DSP/Projects/MatrixMultiply/MatrixMultiply.srcs/sources_1/new/array.v" Line 79
Stopped at time : 0 fs : File "C:/DSP/Projects/MatrixMultiply/MatrixMultiply.srcs/sources_1/new/array.v" Line 110
Stopped at time : 0 fs : File "C:/DSP/Projects/MatrixMultiply/MatrixMultiply.sim/sim_1/behav/xsim/glbl.v" Line 52
Stopped at time : 0 fs : File "C:/DSP/Projects/MatrixMultiply/MatrixMultiply.sim/sim_1/behav/xsim/glbl.v" Line 53
Stopped at time : 0 fs : File "C:/DSP/Projects/MatrixMultiply/MatrixMultiply.sim/sim_1/behav/xsim/glbl.v" Line 54
Stopped at time : 0 fs : File "C:/DSP/Projects/MatrixMultiply/MatrixMultiply.sim/sim_1/behav/xsim/glbl.v" Line 17
Stopped at time : 0 fs : File "C:/DSP/Projects/MatrixMultiply/MatrixMultiply.srcs/sources_1/new/array_tb.v" Line 30
Stopped at time : 0 fs : File "C:/DSP/Projects/MatrixMultiply/MatrixMultiply.srcs/sources_1/new/array_tb.v" Line 31
Stopped at time : 0 fs : File "C:/DSP/Projects/MatrixMultiply/MatrixMultiply.srcs/sources_1/new/array.v" Line 44
Stopped at time : 0 fs : File "C:/DSP/Projects/MatrixMultiply/MatrixMultiply.srcs/sources_1/new/array.v" Line 45
Stopped at time : 0 fs : File "C:/DSP/Projects/MatrixMultiply/MatrixMultiply.srcs/sources_1/new/array.v" Line 46
Stopped at time : 0 fs : File "C:/DSP/Projects/MatrixMultiply/MatrixMultiply.srcs/sources_1/new/array.v" Line 47
Stopped at time : 0 fs : File "C:/DSP/Projects/MatrixMultiply/MatrixMultiply.srcs/sources_1/new/array.v" Line 48
Stopped at time : 0 fs : File "C:/DSP/Projects/MatrixMultiply/MatrixMultiply.sim/sim_1/behav/xsim/glbl.v" Line 42
Stopped at time : 0 fs : File "C:/DSP/Projects/MatrixMultiply/MatrixMultiply.sim/sim_1/behav/xsim/glbl.v" Line 43
Stopped at time : 0 fs : File "C:/DSP/Projects/MatrixMultiply/MatrixMultiply.sim/sim_1/behav/xsim/glbl.v" Line 44
Stopped at time : 0 fs : File "C:/DSP/Projects/MatrixMultiply/MatrixMultiply.sim/sim_1/behav/xsim/glbl.v" Line 45
Stopped at time : 0 fs : File "C:/DSP/Projects/MatrixMultiply/MatrixMultiply.sim/sim_1/behav/xsim/glbl.v" Line 47
Stopped at time : 0 fs : File "C:/DSP/Projects/MatrixMultiply/MatrixMultiply.sim/sim_1/behav/xsim/glbl.v" Line 48
Stopped at time : 0 fs : File "C:/DSP/Projects/MatrixMultiply/MatrixMultiply.sim/sim_1/behav/xsim/glbl.v" Line 49
Stopped at time : 0 fs : File "C:/DSP/Projects/MatrixMultiply/MatrixMultiply.sim/sim_1/behav/xsim/glbl.v" Line 50
Stopped at time : 0 fs : File "C:/DSP/Projects/MatrixMultiply/MatrixMultiply.srcs/sources_1/new/array_tb.v" Line 33
Stopped at time : 0 fs : File "C:/DSP/Projects/MatrixMultiply/MatrixMultiply.srcs/sources_1/new/array_tb.v" Line 34
Stopped at time : 0 fs : File "C:/DSP/Projects/MatrixMultiply/MatrixMultiply.srcs/sources_1/new/array_tb.v" Line 35
Stopped at time : 0 fs : File "C:/DSP/Projects/MatrixMultiply/MatrixMultiply.srcs/sources_1/new/array_tb.v" Line 36
Stopped at time : 0 fs : File "C:/DSP/Projects/MatrixMultiply/MatrixMultiply.srcs/sources_1/new/array_tb.v" Line 37
Stopped at time : 0 fs : File "C:/DSP/Projects/MatrixMultiply/MatrixMultiply.srcs/sources_1/new/array_tb.v" Line 52
Stopped at time : 0 fs : File "C:/DSP/Projects/MatrixMultiply/MatrixMultiply.sim/sim_1/behav/xsim/glbl.v" Line 57
Stopped at time : 0 fs : File "C:/DSP/Projects/MatrixMultiply/MatrixMultiply.sim/sim_1/behav/xsim/glbl.v" Line 58
Stopped at time : 0 fs : File "C:/DSP/Projects/MatrixMultiply/MatrixMultiply.sim/sim_1/behav/xsim/glbl.v" Line 59
Stopped at time : 0 fs : File "C:/DSP/Projects/MatrixMultiply/MatrixMultiply.sim/sim_1/behav/xsim/glbl.v" Line 65
Stopped at time : 0 fs : File "C:/DSP/Projects/MatrixMultiply/MatrixMultiply.sim/sim_1/behav/xsim/glbl.v" Line 66
Stopped at time : 0 fs : File "C:/DSP/Projects/MatrixMultiply/MatrixMultiply.sim/sim_1/behav/xsim/glbl.v" Line 52
Stopped at time : 0 fs : File "C:/DSP/Projects/MatrixMultiply/MatrixMultiply.sim/sim_1/behav/xsim/glbl.v" Line 54
Stopped at time : 0 fs : File "C:/DSP/Projects/MatrixMultiply/MatrixMultiply.sim/sim_1/behav/xsim/glbl.v" Line 53
Stopped at time : 0 fs : File "C:/DSP/Projects/MatrixMultiply/MatrixMultiply.srcs/sources_1/new/array.v" Line 111
Stopped at time : 0 fs : File "C:/DSP/Projects/MatrixMultiply/MatrixMultiply.srcs/sources_1/new/array.v" Line 121
Stopped at time : 0 fs : File "C:/DSP/Projects/MatrixMultiply/MatrixMultiply.srcs/sources_1/new/array.v" Line 121
Stopped at time : 0 fs : File "C:/DSP/Projects/MatrixMultiply/MatrixMultiply.srcs/sources_1/new/array.v" Line 122
Stopped at time : 0 fs : File "C:/DSP/Projects/MatrixMultiply/MatrixMultiply.srcs/sources_1/new/array.v" Line 122
Stopped at time : 0 fs : File "C:/DSP/Projects/MatrixMultiply/MatrixMultiply.srcs/sources_1/new/array.v" Line 123
Stopped at time : 0 fs : File "C:/DSP/Projects/MatrixMultiply/MatrixMultiply.srcs/sources_1/new/array.v" Line 123
Stopped at time : 0 fs : File "C:/DSP/Projects/MatrixMultiply/MatrixMultiply.srcs/sources_1/new/array.v" Line 124
Stopped at time : 0 fs : File "C:/DSP/Projects/MatrixMultiply/MatrixMultiply.srcs/sources_1/new/array.v" Line 124
Stopped at time : 0 fs : File "C:/DSP/Projects/MatrixMultiply/MatrixMultiply.srcs/sources_1/new/array.v" Line 125
Stopped at time : 0 fs : File "C:/DSP/Projects/MatrixMultiply/MatrixMultiply.srcs/sources_1/new/array.v" Line 124
Stopped at time : 0 fs : File "C:/DSP/Projects/MatrixMultiply/MatrixMultiply.srcs/sources_1/new/array.v" Line 124
Stopped at time : 0 fs : File "C:/DSP/Projects/MatrixMultiply/MatrixMultiply.srcs/sources_1/new/array.v" Line 125
Stopped at time : 0 fs : File "C:/DSP/Projects/MatrixMultiply/MatrixMultiply.srcs/sources_1/new/array.v" Line 124
Stopped at time : 0 fs : File "C:/DSP/Projects/MatrixMultiply/MatrixMultiply.srcs/sources_1/new/array.v" Line 124
Stopped at time : 0 fs : File "C:/DSP/Projects/MatrixMultiply/MatrixMultiply.srcs/sources_1/new/array.v" Line 125
Stopped at time : 0 fs : File "C:/DSP/Projects/MatrixMultiply/MatrixMultiply.srcs/sources_1/new/array.v" Line 124
Stopped at time : 0 fs : File "C:/DSP/Projects/MatrixMultiply/MatrixMultiply.srcs/sources_1/new/array.v" Line 124
Stopped at time : 0 fs : File "C:/DSP/Projects/MatrixMultiply/MatrixMultiply.srcs/sources_1/new/array.v" Line 125
Stopped at time : 0 fs : File "C:/DSP/Projects/MatrixMultiply/MatrixMultiply.srcs/sources_1/new/array.v" Line 124
Stopped at time : 0 fs : File "C:/DSP/Projects/MatrixMultiply/MatrixMultiply.srcs/sources_1/new/array.v" Line 124
Stopped at time : 0 fs : File "C:/DSP/Projects/MatrixMultiply/MatrixMultiply.srcs/sources_1/new/array.v" Line 125
Stopped at time : 0 fs : File "C:/DSP/Projects/MatrixMultiply/MatrixMultiply.srcs/sources_1/new/array.v" Line 124
Stopped at time : 0 fs : File "C:/DSP/Projects/MatrixMultiply/MatrixMultiply.srcs/sources_1/new/array.v" Line 124
Stopped at time : 0 fs : File "C:/DSP/Projects/MatrixMultiply/MatrixMultiply.srcs/sources_1/new/array.v" Line 125
Stopped at time : 5 ns : File "C:/DSP/Projects/MatrixMultiply/MatrixMultiply.srcs/sources_1/new/array.v" Line 79
Stopped at time : 20010 ns : File "C:/DSP/Projects/MatrixMultiply/MatrixMultiply.srcs/sources_1/new/array_tb.v" Line 52
Stopped at time : 20010 ns : File "C:/DSP/Projects/MatrixMultiply/MatrixMultiply.srcs/sources_1/new/array_tb.v" Line 52
Stopped at time : 20015 ns : File "C:/DSP/Projects/MatrixMultiply/MatrixMultiply.srcs/sources_1/new/array_tb.v" Line 52
Stopped at time : 20015 ns : File "C:/DSP/Projects/MatrixMultiply/MatrixMultiply.srcs/sources_1/new/array_tb.v" Line 52
Stopped at time : 20015 ns : File "C:/DSP/Projects/MatrixMultiply/MatrixMultiply.srcs/sources_1/new/array.v" Line 80
Stopped at time : 20015 ns : File "C:/DSP/Projects/MatrixMultiply/MatrixMultiply.srcs/sources_1/new/array.v" Line 95
Stopped at time : 20015 ns : File "C:/DSP/Projects/MatrixMultiply/MatrixMultiply.srcs/sources_1/new/array.v" Line 95
Stopped at time : 20015 ns : File "C:/DSP/Projects/MatrixMultiply/MatrixMultiply.srcs/sources_1/new/array.v" Line 96
Stopped at time : 20015 ns : File "C:/DSP/Projects/MatrixMultiply/MatrixMultiply.srcs/sources_1/new/array.v" Line 96
Stopped at time : 20015 ns : File "C:/DSP/Projects/MatrixMultiply/MatrixMultiply.srcs/sources_1/new/array.v" Line 97
Stopped at time : 20015 ns : File "C:/DSP/Projects/MatrixMultiply/MatrixMultiply.srcs/sources_1/new/array.v" Line 97
Stopped at time : 20015 ns : File "C:/DSP/Projects/MatrixMultiply/MatrixMultiply.srcs/sources_1/new/array.v" Line 98
Stopped at time : 20015 ns : File "C:/DSP/Projects/MatrixMultiply/MatrixMultiply.srcs/sources_1/new/array.v" Line 98
